0 info it worked if it ends with ok
1 verbose cli [
1 verbose cli   'D:\\Tools\\Data\\NodeJS\\node.exe',
1 verbose cli   'C:\\Users\\windows\\AppData\\Roaming\\npm\\node_modules\\cnpm\\node_modules\\npm\\bin\\npm-cli.js',
1 verbose cli   '--userconfig=C:\\Users\\windows\\.cnpmrc',
1 verbose cli   '--disturl=https://npm.taobao.org/mirrors/node',
1 verbose cli   '--registry=https://registry.npm.taobao.org',
1 verbose cli   'run',
1 verbose cli   'client'
1 verbose cli ]
2 info using npm@3.10.9
3 info using node@v14.15.4
4 verbose run-script [ 'preclient', 'client', 'postclient' ]
5 info lifecycle @~preclient: @
6 silly lifecycle @~preclient: no script for preclient, continuing
7 info lifecycle @~client: @
8 verbose lifecycle @~client: unsafe-perm in lifecycle true
9 verbose lifecycle @~client: PATH: C:\Users\windows\AppData\Roaming\npm\node_modules\cnpm\node_modules\npm\bin\node-gyp-bin;H:\Webs\slimhongweb\node_modules\.bin;D:\工具\Android Studio\jdk_windows_x64\jdk_windows_x64\bin;D:\工具\Android Studio\jdk_windows_x64\jdk_windows_x64\jre\bin;C:\Users\windows\Desktop\eclipse\android-sdk-windows\tools;C:\Windows\system32;C:\Windows;C:\Windows\system32\wbem;C:\Program Files\Microsoft\Web Platform Installer\;C:\Program Files (x86)\Microsoft ASP.NET\ASP.NET Web Pages\v1.0\;C:\Program Files\Microsoft SQL Server\110\Tools\Binn\;C:\strawberry\c\bin;C:\strawberry\perl\bin;C:\Program Files\TortoiseSVN\bin;C:\Program Files\Git\cmd;C:\Program Files\dotnet\;C:\Program Files (x86)\Common Files\Apple\Internet Services\;C:\Program Files (x86)\NVIDIA Corporation\PhysX\Common;C:\Program Files\NVIDIA Corporation\NVIDIA NvDLISR;C:\WINDOWS\system32;C:\WINDOWS;C:\WINDOWS\System32\Wbem;C:\WINDOWS\System32\WindowsPowerShell\v1.0\;C:\WINDOWS\System32\OpenSSH\;C:\Program Files\mingw64\bin;;C:\Program Files (x86)\AOMEI\AOMEI Backupper 6.0.0;C:\Program Files\Microsoft SQL Server\130\Tools\Binn\;D:\Tools\Data\NodeJS\;C:\Users\windows\AppData\Local\Programs\Python\Python38-32\Scripts\;C:\Users\windows\AppData\Local\Programs\Python\Python38-32\;C:\Python33\;D:\??\Android Studio\jdk_windows_x64\jdk_windows_x64\bin;D:\??\Android Studio\jdk_windows_x64\jdk_windows_x64\jre\bin;C:\apache-tomcat-6.0.18\lib;C:\apache-tomcat-6.0.18\bin;C:\Users\windows\.dotnet\tools;C:\Program Files\mingw64\bin;C:\Users\windows\AppData\Local\Microsoft\WindowsApps;E:\Tools\Microsoft VS Code\bin;C:\Users\windows\.dotnet\tools;C:\Program Files\heroku\bin;C:\Users\windows\AppData\Roaming\npm
10 verbose lifecycle @~client: CWD: H:\Webs\slimhongweb
11 silly lifecycle @~client: Args: [ '/d /s /c', 'cd client && npm start' ]
12 silly lifecycle @~client: Returned: code: 134  signal: null
13 info lifecycle @~client: Failed to exec client script
14 verbose stack Error: @ client: `cd client && npm start`
14 verbose stack Exit status 134
14 verbose stack     at EventEmitter.<anonymous> (C:\Users\windows\AppData\Roaming\npm\node_modules\cnpm\node_modules\npm\lib\utils\lifecycle.js:255:16)
14 verbose stack     at EventEmitter.emit (events.js:315:20)
14 verbose stack     at ChildProcess.<anonymous> (C:\Users\windows\AppData\Roaming\npm\node_modules\cnpm\node_modules\npm\lib\utils\spawn.js:40:14)
14 verbose stack     at ChildProcess.emit (events.js:315:20)
14 verbose stack     at maybeClose (internal/child_process.js:1048:16)
14 verbose stack     at Process.ChildProcess._handle.onexit (internal/child_process.js:288:5)
15 verbose pkgid @
16 verbose cwd H:\Webs\slimhongweb
17 error Windows_NT 10.0.19042
18 error argv "D:\\Tools\\Data\\NodeJS\\node.exe" "C:\\Users\\windows\\AppData\\Roaming\\npm\\node_modules\\cnpm\\node_modules\\npm\\bin\\npm-cli.js" "--userconfig=C:\\Users\\windows\\.cnpmrc" "--disturl=https://npm.taobao.org/mirrors/node" "--registry=https://registry.npm.taobao.org" "run" "client"
19 error node v14.15.4
20 error npm  v3.10.9
21 error code ELIFECYCLE
22 error @ client: `cd client && npm start`
22 error Exit status 134
23 error Failed at the @ client script 'cd client && npm start'.
23 error Make sure you have the latest version of node.js and npm installed.
23 error If you do, this is most likely a problem with the  package,
23 error not with npm itself.
23 error Tell the author that this fails on your system:
23 error     cd client && npm start
23 error You can get information on how to open an issue for this project with:
23 error     npm bugs
23 error Or if that isn't available, you can get their info via:
23 error     npm owner ls
23 error There is likely additional logging output above.
24 verbose exit [ 1, true ]
